<?xml version="1.0" encoding="UTF-8"?>
<testng-results ignored="0" total="2" passed="2" failed="0" skipped="0">
  <reporter-output>
  </reporter-output>
  <suite started-at="2024-05-18T17:55:53 IST" name="Default suite" finished-at="2024-05-18T17:56:16 IST" duration-ms="22584">
    <groups>
    </groups>
    <test started-at="2024-05-18T17:55:53 IST" name="Default test" finished-at="2024-05-18T17:56:16 IST" duration-ms="22584">
      <class name="test.TestCases">
        <test-method is-config="true" signature="startTest()[pri:0, instance:test.TestCases@6e4784bc]" started-at="2024-05-18T17:55:53 IST" name="startTest" finished-at="2024-05-18T17:56:13 IST" duration-ms="19742" status="PASS">
          <reporter-output>
          </reporter-output>
        </test-method> <!-- startTest -->
        <test-method signature="landingPage()[pri:1, instance:test.TestCases@6e4784bc]" started-at="2024-05-18T17:56:13 IST" name="landingPage" finished-at="2024-05-18T17:56:14 IST" duration-ms="838" status="PASS">
          <reporter-output>
          </reporter-output>
        </test-method> <!-- landingPage -->
        <test-method signature="loginPage()[pri:2, instance:test.TestCases@6e4784bc]" started-at="2024-05-18T17:56:14 IST" name="loginPage" finished-at="2024-05-18T17:56:16 IST" duration-ms="1920" status="PASS">
          <reporter-output>
          </reporter-output>
        </test-method> <!-- loginPage -->
      </class> <!-- test.TestCases -->
    </test> <!-- Default test -->
  </suite> <!-- Default suite -->
</testng-results>
